<?xml version="1.0" encoding="UTF-8"?>
<testsuite name="com.acebook.PostsFeedTest" tests="1" skipped="0" failures="0" errors="0" timestamp="2023-07-03T12:24:15" hostname="K9LQ7G617T" time="0.079">
  <properties/>
  <testcase name="Get the index page()" classname="com.acebook.PostsFeedTest" time="0.079"/>
  <system-out><![CDATA[]]></system-out>
  <system-err><![CDATA[]]></system-err>
</testsuite>
