<?xml version="1.0" encoding="UTF-8"?>
<testsuite name="com.acebook.UserSignupTest" tests="5" skipped="0" failures="0" errors="0" timestamp="2023-07-03T12:24:15" hostname="K9LQ7G617T" time="0.261">
  <properties/>
  <testcase name="Login returns 400 Bad request if parameters are missing()" classname="com.acebook.UserSignupTest" time="0.011"/>
  <testcase name="New signed up user can sign in()" classname="com.acebook.UserSignupTest" time="0.195"/>
  <testcase name="Get the signup page()" classname="com.acebook.UserSignupTest" time="0.019"/>
  <testcase name="Get the login page()" classname="com.acebook.UserSignupTest" time="0.017"/>
  <testcase name="Signup returns 400 Bad request if parameters are missing()" classname="com.acebook.UserSignupTest" time="0.015"/>
  <system-out><![CDATA[]]></system-out>
  <system-err><![CDATA[]]></system-err>
</testsuite>
